<?xml version="1.0" encoding="UTF-8"?>
<testsuite xmlns:xsi="http://www.w3.org/2001/XMLSchema-instance" xsi:noNamespaceSchemaLocation="https://maven.apache.org/surefire/maven-surefire-plugin/xsd/surefire-test-report-3.0.xsd" version="3.0" name="com.facebook.TestCases.LoginPageTest" time="28.989" tests="2" errors="0" skipped="0" failures="0">
  <properties>
[...]
</properties>
  <testcase name="Login" classname="com.facebook.TestCases.LoginPageTest" time="14.48"/>
  <testcase name="VerifyTitle" classname="com.facebook.TestCases.LoginPageTest" time="0.015"/>
</testsuite>