<?xml version="1.0" encoding="UTF-8"?>
<testng-results skipped="0" failed="0" ignored="0" total="2" passed="2">
  <reporter-output>
  </reporter-output>
  <suite name="Surefire suite" duration-ms="14536" started-at="2019-02-09T10:09:46Z" finished-at="2019-02-09T10:10:00Z">
    <groups>
    </groups>
    <test name="Surefire test" duration-ms="14536" started-at="2019-02-09T10:09:46Z" finished-at="2019-02-09T10:10:00Z">
      <class name="com.facebook.TestCases.LoginPageTest">
        <test-method status="PASS" signature="SetUp()[pri:0, instance:com.facebook.TestCases.LoginPageTest@64616ca2]" name="SetUp" is-config="true" duration-ms="11396" started-at="2019-02-09T10:09:34Z" finished-at="2019-02-09T10:09:46Z">
          <reporter-output>
          </reporter-output>
        </test-method> <!-- SetUp -->
        <test-method status="PASS" signature="Login()[pri:0, instance:com.facebook.TestCases.LoginPageTest@64616ca2]" name="Login" duration-ms="14479" started-at="2019-02-09T10:09:46Z" finished-at="2019-02-09T10:10:00Z">
          <reporter-output>
          </reporter-output>
        </test-method> <!-- Login -->
        <test-method status="PASS" signature="VerifyTitle()[pri:0, instance:com.facebook.TestCases.LoginPageTest@64616ca2]" name="VerifyTitle" duration-ms="17" started-at="2019-02-09T10:10:00Z" finished-at="2019-02-09T10:10:00Z">
          <reporter-output>
          </reporter-output>
        </test-method> <!-- VerifyTitle -->
        <test-method status="PASS" signature="Close_Browser()[pri:0, instance:com.facebook.TestCases.LoginPageTest@64616ca2]" name="Close_Browser" is-config="true" duration-ms="2155" started-at="2019-02-09T10:10:00Z" finished-at="2019-02-09T10:10:02Z">
          <reporter-output>
          </reporter-output>
        </test-method> <!-- Close_Browser -->
      </class> <!-- com.facebook.TestCases.LoginPageTest -->
    </test> <!-- Surefire test -->
  </suite> <!-- Surefire suite -->
</testng-results>
