<?xml version="1.0" encoding="UTF-8"?>
<testng-results skipped="0" failed="0" ignored="0" total="2" passed="2">
  <reporter-output>
  </reporter-output>
  <suite name="Default suite" duration-ms="14663" started-at="2019-02-09T10:08:16Z" finished-at="2019-02-09T10:08:31Z">
    <groups>
    </groups>
    <test name="Default test" duration-ms="14663" started-at="2019-02-09T10:08:16Z" finished-at="2019-02-09T10:08:31Z">
      <class name="com.facebook.TestCases.LoginPageTest">
        <test-method status="PASS" signature="SetUp()[pri:0, instance:com.facebook.TestCases.LoginPageTest@5b275dab]" name="SetUp" is-config="true" duration-ms="15163" started-at="2019-02-09T10:08:01Z" finished-at="2019-02-09T10:08:16Z">
          <reporter-output>
          </reporter-output>
        </test-method> <!-- SetUp -->
        <test-method status="PASS" signature="Login()[pri:0, instance:com.facebook.TestCases.LoginPageTest@5b275dab]" name="Login" duration-ms="14593" started-at="2019-02-09T10:08:16Z" finished-at="2019-02-09T10:08:31Z">
          <reporter-output>
          </reporter-output>
        </test-method> <!-- Login -->
        <test-method status="PASS" signature="VerifyTitle()[pri:0, instance:com.facebook.TestCases.LoginPageTest@5b275dab]" name="VerifyTitle" duration-ms="23" started-at="2019-02-09T10:08:31Z" finished-at="2019-02-09T10:08:31Z">
          <reporter-output>
          </reporter-output>
        </test-method> <!-- VerifyTitle -->
        <test-method status="PASS" signature="Close_Browser()[pri:0, instance:com.facebook.TestCases.LoginPageTest@5b275dab]" name="Close_Browser" is-config="true" duration-ms="2104" started-at="2019-02-09T10:08:31Z" finished-at="2019-02-09T10:08:33Z">
          <reporter-output>
          </reporter-output>
        </test-method> <!-- Close_Browser -->
      </class> <!-- com.facebook.TestCases.LoginPageTest -->
    </test> <!-- Default test -->
  </suite> <!-- Default suite -->
</testng-results>
