<?xml version="1.0" encoding="UTF-8"?>
<testng-results skipped="0" failed="0" ignored="0" total="2" passed="2">
  <reporter-output>
  </reporter-output>
  <suite name="Suite" duration-ms="14359" started-at="2019-02-06T09:23:11Z" finished-at="2019-02-06T09:23:25Z">
    <groups>
    </groups>
    <test name="Test" duration-ms="14359" started-at="2019-02-06T09:23:11Z" finished-at="2019-02-06T09:23:25Z">
      <class name="com.facebook.TestCases.LoginPageTest">
        <test-method status="PASS" signature="SetUp()[pri:0, instance:com.facebook.TestCases.LoginPageTest@5b275dab]" name="SetUp" is-config="true" duration-ms="39157" started-at="2019-02-06T09:22:32Z" finished-at="2019-02-06T09:23:11Z">
          <reporter-output>
          </reporter-output>
        </test-method> <!-- SetUp -->
        <test-method status="PASS" signature="Login()[pri:0, instance:com.facebook.TestCases.LoginPageTest@5b275dab]" name="Login" duration-ms="14237" started-at="2019-02-06T09:23:11Z" finished-at="2019-02-06T09:23:25Z">
          <reporter-output>
          </reporter-output>
        </test-method> <!-- Login -->
        <test-method status="PASS" signature="VerifyTitle()[pri:0, instance:com.facebook.TestCases.LoginPageTest@5b275dab]" name="VerifyTitle" duration-ms="46" started-at="2019-02-06T09:23:25Z" finished-at="2019-02-06T09:23:25Z">
          <reporter-output>
          </reporter-output>
        </test-method> <!-- VerifyTitle -->
        <test-method status="PASS" signature="Close_Browser()[pri:0, instance:com.facebook.TestCases.LoginPageTest@5b275dab]" name="Close_Browser" is-config="true" duration-ms="2409" started-at="2019-02-06T09:23:25Z" finished-at="2019-02-06T09:23:28Z">
          <reporter-output>
          </reporter-output>
        </test-method> <!-- Close_Browser -->
      </class> <!-- com.facebook.TestCases.LoginPageTest -->
    </test> <!-- Test -->
  </suite> <!-- Suite -->
</testng-results>
